#
# There is insufficient memory for the Java Runtime Environment to continue.
# Native memory allocation (mmap) failed to map 264241152 bytes for Failed to commit area from 0x0000000704e00000 to 0x0000000714a00000 of length 264241152.
# Possible reasons:
#   The system is out of physical RAM or swap space
#   The process is running with CompressedOops enabled, and the Java Heap may be blocking the growth of the native heap
# Possible solutions:
#   Reduce memory load on the system
#   Increase physical memory or swap space
#   Check if swap backing store is full
#   Decrease Java heap size (-Xmx/-Xms)
#   Decrease number of Java threads
#   Decrease Java thread stack sizes (-Xss)
#   Set larger code cache with -XX:ReservedCodeCacheSize=
# This output file may be truncated or incomplete.
#
#  Out of Memory Error (src/hotspot/os/windows/os_windows.cpp:3627), pid=30608, tid=28064
#
# JRE version:  (11.0.15) (build )
# Java VM: OpenJDK 64-Bit Server VM (11.0.15+0-b2043.56-9505619, mixed mode, sharing, tiered, compressed oops, g1 gc, windows-amd64)
# No core dump will be written. Minidumps are not enabled by default on client versions of Windows
#

---------------  S U M M A R Y ------------

Command Line: 

Host: 12th Gen Intel(R) Core(TM) i7-12700H, 20 cores, 15G,  Windows 11 , 64 bit Build 22621 (10.0.22621.1778)
Time: Sat Jun 24 14:51:49 2023  Windows 11 , 64 bit Build 22621 (10.0.22621.1778) elapsed time: 0.097069 seconds (0d 0h 0m 0s)

---------------  T H R E A D  ---------------

Current thread (0x0000022ea3a90000):  JavaThread "Unknown thread" [_thread_in_vm, id=28064, stack(0x000000e1a2c00000,0x000000e1a2d00000)]

Stack: [0x000000e1a2c00000,0x000000e1a2d00000]
Native frames: (J=compiled Java code, j=interpreted, Vv=VM code, C=native code)
V  [jvm.dll+0x64135a]
V  [jvm.dll+0x7d39f9]
V  [jvm.dll+0x7d51b9]
V  [jvm.dll+0x7d58a3]
V  [jvm.dll+0x2691c5]
V  [jvm.dll+0x63e4e9]
V  [jvm.dll+0x632985]
V  [jvm.dll+0x3231ac]
V  [jvm.dll+0x323032]
V  [jvm.dll+0x327c06]
V  [jvm.dll+0x36ffa2]
V  [jvm.dll+0x36fa01]
V  [jvm.dll+0x2fea28]
V  [jvm.dll+0x2ffb25]
V  [jvm.dll+0x7accd7]
V  [jvm.dll+0x7ae49f]
V  [jvm.dll+0x37d299]
V  [jvm.dll+0x78ef9f]
V  [jvm.dll+0x3ec847]
V  [jvm.dll+0x3eed31]
C  [jli.dll+0x52cb]
C  [ucrtbase.dll+0x29363]
C  [KERNEL32.DLL+0x126ad]
C  [ntdll.dll+0x5a9f8]


---------------  P R O C E S S  ---------------

Threads class SMR info:
_java_thread_list=0x0000022ea17a19d0, length=0, elements={
}

Java Threads: ( => current thread )

Other Threads:
  0x0000022ea3aab000 GCTaskThread "GC Thread#0" [stack: 0x000000e1a2d00000,0x000000e1a2e00000] [id=29700]
  0x0000022ea3b07000 ConcurrentGCThread "G1 Main Marker" [stack: 0x000000e1a2e00000,0x000000e1a2f00000] [id=21728]
  0x0000022ea3b09800 ConcurrentGCThread "G1 Conc#0" [stack: 0x000000e1a2f00000,0x000000e1a3000000] [id=23296]

[error occurred during error reporting (printing all threads), id 0xc0000005, EXCEPTION_ACCESS_VIOLATION (0xc0000005) at pc=0x00007ffd9d15f3e7]

VM state:not at safepoint (not fully initialized)

VM Mutex/Monitor currently owned by a thread:  ([mutex/lock_event])
[0x0000022ea187aa10] Heap_lock - owner thread: 0x0000022ea3a90000

Heap address: 0x0000000704e00000, size: 4018 MB, Compressed Oops mode: Non-zero based: 0x0000000704e00000
Narrow klass base: 0x0000000000000000, Narrow klass shift: 0

GC Heap History (0 events):
No events

Deoptimization events (0 events):
No events

Classes redefined (0 events):
No events

Internal exceptions (0 events):
No events

Events (1 events):
Event: 0.094 Loaded shared library D:\Android\Android Studio\jbr\bin\zip.dll


Dynamic libraries:
0x00007ff65ed00000 - 0x00007ff65ed0a000 	D:\Android\Android Studio\jbr\bin\java.EXE
0x00007ffe3b710000 - 0x00007ffe3b924000 	C:\WINDOWS\SYSTEM32\ntdll.dll
0x00007ffe3a3d0000 - 0x00007ffe3a492000 	C:\WINDOWS\System32\KERNEL32.DLL
0x00007ffe38fa0000 - 0x00007ffe39343000 	C:\WINDOWS\System32\KERNELBASE.dll
0x00007ffe38ce0000 - 0x00007ffe38df1000 	C:\WINDOWS\System32\ucrtbase.dll
0x00007ffe30180000 - 0x00007ffe30197000 	D:\Android\Android Studio\jbr\bin\jli.dll
0x00007ffe30160000 - 0x00007ffe3017b000 	D:\Android\Android Studio\jbr\bin\VCRUNTIME140.dll
0x00007ffe3add0000 - 0x00007ffe3af7b000 	C:\WINDOWS\System32\USER32.dll
0x00007ffe394c0000 - 0x00007ffe394e6000 	C:\WINDOWS\System32\win32u.dll
0x00007ffe1ca00000 - 0x00007ffe1cc8e000 	C:\WINDOWS\WinSxS\amd64_microsoft.windows.common-controls_6595b64144ccf1df_6.0.22621.1635_none_270f70857386168e\COMCTL32.dll
0x00007ffe39980000 - 0x00007ffe399a9000 	C:\WINDOWS\System32\GDI32.dll
0x00007ffe3b270000 - 0x00007ffe3b317000 	C:\WINDOWS\System32\msvcrt.dll
0x00007ffe38e80000 - 0x00007ffe38f99000 	C:\WINDOWS\System32\gdi32full.dll
0x00007ffe38c40000 - 0x00007ffe38cda000 	C:\WINDOWS\System32\msvcp_win.dll
0x00007ffe3b4d0000 - 0x00007ffe3b501000 	C:\WINDOWS\System32\IMM32.DLL
0x00007ffe34430000 - 0x00007ffe3443c000 	D:\Android\Android Studio\jbr\bin\vcruntime140_1.dll
0x00007ffe2d080000 - 0x00007ffe2d10d000 	D:\Android\Android Studio\jbr\bin\msvcp140.dll
0x00007ffd9ce50000 - 0x00007ffd9da0c000 	D:\Android\Android Studio\jbr\bin\server\jvm.dll
0x00007ffe3ad20000 - 0x00007ffe3adce000 	C:\WINDOWS\System32\ADVAPI32.dll
0x00007ffe3a750000 - 0x00007ffe3a7f4000 	C:\WINDOWS\System32\sechost.dll
0x00007ffe3a4a0000 - 0x00007ffe3a5b7000 	C:\WINDOWS\System32\RPCRT4.dll
0x00007ffe39970000 - 0x00007ffe39978000 	C:\WINDOWS\System32\PSAPI.DLL
0x00007ffe30ca0000 - 0x00007ffe30cd4000 	C:\WINDOWS\SYSTEM32\WINMM.dll
0x00007ffe31c50000 - 0x00007ffe31c5a000 	C:\WINDOWS\SYSTEM32\VERSION.dll
0x00007ffe2ffc0000 - 0x00007ffe2ffc9000 	C:\WINDOWS\SYSTEM32\WSOCK32.dll
0x00007ffe3a6d0000 - 0x00007ffe3a741000 	C:\WINDOWS\System32\WS2_32.dll
0x00007ffe37b20000 - 0x00007ffe37b38000 	C:\WINDOWS\SYSTEM32\kernel.appcore.dll
0x00007ffe343f0000 - 0x00007ffe34400000 	D:\Android\Android Studio\jbr\bin\verify.dll
0x00007ffe35ef0000 - 0x00007ffe3611e000 	C:\WINDOWS\SYSTEM32\DBGHELP.DLL
0x00007ffe3a800000 - 0x00007ffe3ab89000 	C:\WINDOWS\System32\combase.dll
0x00007ffe3b3f0000 - 0x00007ffe3b4c7000 	C:\WINDOWS\System32\OLEAUT32.dll
0x00007ffe2ff00000 - 0x00007ffe2ff32000 	C:\WINDOWS\SYSTEM32\dbgcore.DLL
0x00007ffe38e00000 - 0x00007ffe38e7b000 	C:\WINDOWS\System32\bcryptPrimitives.dll
0x00007ffe2e360000 - 0x00007ffe2e388000 	D:\Android\Android Studio\jbr\bin\java.dll
0x00007ffe34380000 - 0x00007ffe3438a000 	D:\Android\Android Studio\jbr\bin\jimage.dll
0x00007ffe2e750000 - 0x00007ffe2e768000 	D:\Android\Android Studio\jbr\bin\zip.dll

dbghelp: loaded successfully - version: 4.0.5 - missing functions: none
symbol engine: initialized successfully - sym options: 0x614 - pdb path: .;D:\Android\Android Studio\jbr\bin;C:\WINDOWS\SYSTEM32;C:\WINDOWS\WinSxS\amd64_microsoft.windows.common-controls_6595b64144ccf1df_6.0.22621.1635_none_270f70857386168e;D:\Android\Android Studio\jbr\bin\server

VM Arguments:
java_command: <unknown>
java_class_path (initial): .;C:\Program Files\Microsoft\jdk-11.0.16.101-hotspot\\lib\dt.jar;C:\Program Files\Microsoft\jdk-11.0.16.101-hotspot\\lib\tools.jar;
Launcher Type: SUN_STANDARD

[Global flags]
     intx CICompilerCount                          = 12                                        {product} {ergonomic}
     uint ConcGCThreads                            = 4                                         {product} {ergonomic}
     uint G1ConcRefinementThreads                  = 15                                        {product} {ergonomic}
   size_t G1HeapRegionSize                         = 1048576                                   {product} {ergonomic}
    uintx GCDrainStackTargetSize                   = 64                                        {product} {ergonomic}
   size_t InitialHeapSize                          = 264241152                                 {product} {ergonomic}
   size_t MarkStackSize                            = 4194304                                   {product} {ergonomic}
   size_t MaxHeapSize                              = 4213178368                                {product} {ergonomic}
   size_t MinHeapDeltaBytes                        = 1048576                                   {product} {ergonomic}
    uintx NonNMethodCodeHeapSize                   = 7594288                                {pd product} {ergonomic}
    uintx NonProfiledCodeHeapSize                  = 122031976                              {pd product} {ergonomic}
    uintx ProfiledCodeHeapSize                     = 122031976                              {pd product} {ergonomic}
    uintx ReservedCodeCacheSize                    = 251658240                              {pd product} {ergonomic}
     bool SegmentedCodeCache                       = true                                      {product} {ergonomic}
     bool UseCompressedClassPointers               = true                                 {lp64_product} {ergonomic}
     bool UseCompressedOops                        = true                                 {lp64_product} {ergonomic}
     bool UseG1GC                                  = true                                      {product} {ergonomic}
     bool UseLargePagesIndividualAllocation        = false                                  {pd product} {ergonomic}

Logging:
Log output configuration:
 #0: stdout all=warning uptime,level,tags
 #1: stderr all=off uptime,level,tags

Environment Variables:
JAVA_HOME=C:\Program Files\Microsoft\jdk-11.0.16.101-hotspot\
CLASSPATH=.;C:\Program Files\Microsoft\jdk-11.0.16.101-hotspot\\lib\dt.jar;C:\Program Files\Microsoft\jdk-11.0.16.101-hotspot\\lib\tools.jar;
PATH=D:\Python\Python311\Scripts\;D:\Python\Python311\;C:\Program Files\Microsoft\jdk-11.0.16.101-hotspot\bin;D:\Android\Sdk\platform-tools;D:\MySQL\MySQL Server 8.0\bin;C:\Program Files\Microsoft\jdk-11.0.12.7-hotspot\bin;D:\apache-maven-bin\apache-maven\bin;D:\nodejs\node_modules\npm\node_modules;D:\VMware\VMware Workstation\bin\;C:\Program Files\Microsoft\jdk-11.0.16.101-hotspot\\bin;D:\Java\jdk-19\bin;C:\Program Files\Common Files\Oracle\Java\javapath;C:\Windows\system32;C:\Windows;C:\Windows\System32\Wbem;C:\Windows\System32\WindowsPowerShell\v1.0\;C:\Windows\System32\OpenSSH\;C:\Program Files (x86)\NVIDIA Corporation\PhysX\Common;C:\Program Files\dotnet\;C:\WINDOWS\system32;C:\WINDOWS;C:\WINDOWS\System32\Wbem;C:\WINDOWS\System32\WindowsPowerShell\v1.0\;C:\WINDOWS\System32\OpenSSH\;D:\nodejs\;D:\Android;D:\Dart\dart-sdk\bin;D:\Flutter\flutter\bin;D:\apache-maven-bin\apache-maven\bin;D:\Tencent\微信web开发者工具\dll;C:\Program Files\NVIDIA Corporation\NVIDIA NvDLISR;C:\Program Files (x86)\Incredibuild;D:\Rust\.cargo\bin;C:\Users\yss28\AppData\Local\Microsoft\WindowsApps;C:\Users\yss28\AppData\Roaming\npm;D:\JetBrains\IntelliJ IDEA Community Edition 2022.3\bin;;D:\JetBrains\IntelliJ IDEA 2022.3\bin;;D:\Rust\.rustup;D:\Rust\.cargo;D:\Microsoft VS Code\bin;D:\apache-maven-bin\apache-maven\bin;C:\Users\yss28\AppData\Local\GitHubDesktop\bin;D:\Flutter\flutter\bin\mingit\cmd
USERNAME=yss28
OS=Windows_NT
PROCESSOR_IDENTIFIER=Intel64 Family 6 Model 154 Stepping 3, GenuineIntel



---------------  S Y S T E M  ---------------

OS: Windows 11 , 64 bit Build 22621 (10.0.22621.1778)
OS uptime: 0 days 4:28 hours
Hyper-V role detected

CPU:total 20 (initial active 20) (10 cores per cpu, 2 threads per core) family 6 model 154 stepping 3 microcode 0x429, cmov, cx8, fxsr, mmx, sse, sse2, sse3, ssse3, sse4.1, sse4.2, popcnt, avx, avx2, aes, clmul, erms, 3dnowpref, lzcnt, ht, tsc, tscinvbit, bmi1, bmi2, adx, sha, fma

Memory: 4k page, system-wide physical 16068M (1371M free)
TotalPageFile size 22486M (AvailPageFile size 43M)
current process WorkingSet (physical memory assigned to process): 11M, peak: 11M
current process commit charge ("private bytes"): 75M, peak: 327M

vm_info: OpenJDK 64-Bit Server VM (11.0.15+0-b2043.56-9505619) for windows-amd64 JRE (11.0.15+0-b2043.56-9505619), built on Jan 19 2023 02:48:00 by "builduser" with unknown MS VC++:1929

END.
