#
# There is insufficient memory for the Java Runtime Environment to continue.
# Native memory allocation (mmap) failed to map 264241152 bytes for Failed to commit area from 0x0000000704e00000 to 0x0000000714a00000 of length 264241152.
# Possible reasons:
#   The system is out of physical RAM or swap space
#   The process is running with CompressedOops enabled, and the Java Heap may be blocking the growth of the native heap
# Possible solutions:
#   Reduce memory load on the system
#   Increase physical memory or swap space
#   Check if swap backing store is full
#   Decrease Java heap size (-Xmx/-Xms)
#   Decrease number of Java threads
#   Decrease Java thread stack sizes (-Xss)
#   Set larger code cache with -XX:ReservedCodeCacheSize=
# This output file may be truncated or incomplete.
#
#  Out of Memory Error (./src/hotspot/os/windows/os_windows.cpp:3386), pid=28488, tid=27744
#
# JRE version:  (11.0.16.1+1) (build )
# Java VM: OpenJDK 64-Bit Server VM (11.0.16.1+1-LTS, mixed mode, sharing, tiered, compressed oops, g1 gc, windows-amd64)
# No core dump will be written. Minidumps are not enabled by default on client versions of Windows
#

---------------  S U M M A R Y ------------

Command Line: -Dorg.gradle.appname=gradlew org.gradle.wrapper.GradleWrapperMain -q -Ptarget-platform=android-arm,android-arm64,android-x64 -Ptarget=lib\main.dart -Pbase-application-name=android.app.Application -Pdart-obfuscation=false -Ptrack-widget-creation=true -Ptree-shake-icons=true assembleRelease

Host: 12th Gen Intel(R) Core(TM) i7-12700H, 20 cores, 15G,  Windows 11 , 64 bit Build 22621 (10.0.22621.1778)
Time: Sat Jun 24 14:51:49 2023  Windows 11 , 64 bit Build 22621 (10.0.22621.1778) elapsed time: 0.031072 seconds (0d 0h 0m 0s)

---------------  T H R E A D  ---------------

Current thread (0x000001d66c7aa800):  JavaThread "Unknown thread" [_thread_in_vm, id=27744, stack(0x000000ce50800000,0x000000ce50900000)]

Stack: [0x000000ce50800000,0x000000ce50900000]
Native frames: (J=compiled Java code, j=interpreted, Vv=VM code, C=native code)
V  [jvm.dll+0x62652a]
V  [jvm.dll+0x7b3249]
V  [jvm.dll+0x7b4938]
V  [jvm.dll+0x7b5013]
V  [jvm.dll+0x24fca8]
V  [jvm.dll+0x62383a]
V  [jvm.dll+0x617fe5]
V  [jvm.dll+0x307bac]
V  [jvm.dll+0x307a32]
V  [jvm.dll+0x30c746]
V  [jvm.dll+0x352b9f]
V  [jvm.dll+0x3525d0]
V  [jvm.dll+0x2e4ba8]
V  [jvm.dll+0x2e5d06]
V  [jvm.dll+0x78d097]
V  [jvm.dll+0x78e81f]
V  [jvm.dll+0x35f8e9]
V  [jvm.dll+0x770000]
V  [jvm.dll+0x3cd40f]
V  [jvm.dll+0x3cf7a1]
C  [jli.dll+0x5207]
C  [ucrtbase.dll+0x29363]
C  [KERNEL32.DLL+0x126ad]
C  [ntdll.dll+0x5a9f8]


---------------  P R O C E S S  ---------------

Threads class SMR info:
_java_thread_list=0x000001d66a415220, length=0, elements={
}

Java Threads: ( => current thread )

Other Threads:
  0x000001d66c7c7000 GCTaskThread "GC Thread#0" [stack: 0x000000ce50900000,0x000000ce50a00000] [id=29608]
  0x000001d66c823000 ConcurrentGCThread "G1 Main Marker" [stack: 0x000000ce50a00000,0x000000ce50b00000] [id=27120]
  0x000001d66c825800 ConcurrentGCThread "G1 Conc#0" [stack: 0x000000ce50b00000,0x000000ce50c00000] [id=30652]

[error occurred during error reporting (printing all threads), id 0xc0000005, EXCEPTION_ACCESS_VIOLATION (0xc0000005) at pc=0x00007ffd9b2f4377]

VM state:not at safepoint (not fully initialized)

VM Mutex/Monitor currently owned by a thread:  ([mutex/lock_event])
[0x000001d66c7a80f0] Heap_lock - owner thread: 0x000001d66c7aa800

Heap address: 0x0000000704e00000, size: 4018 MB, Compressed Oops mode: Non-zero based: 0x0000000704e00000
Narrow klass base: 0x0000000000000000, Narrow klass shift: 0

GC Heap History (0 events):
No events

Deoptimization events (0 events):
No events

Classes redefined (0 events):
No events

Internal exceptions (0 events):
No events

Events (1 events):
Event: 0.021 Loaded shared library C:\Program Files\Microsoft\jdk-11.0.16.101-hotspot\bin\zip.dll


Dynamic libraries:
0x00007ff7035d0000 - 0x00007ff7035dd000 	C:\Program Files\Microsoft\jdk-11.0.16.101-hotspot\bin\java.exe
0x00007ffe3b710000 - 0x00007ffe3b924000 	C:\WINDOWS\SYSTEM32\ntdll.dll
0x00007ffe3a3d0000 - 0x00007ffe3a492000 	C:\WINDOWS\System32\KERNEL32.DLL
0x00007ffe38fa0000 - 0x00007ffe39343000 	C:\WINDOWS\System32\KERNELBASE.dll
0x00007ffe38ce0000 - 0x00007ffe38df1000 	C:\WINDOWS\System32\ucrtbase.dll
0x00007ffe2d2c0000 - 0x00007ffe2d2d5000 	C:\Program Files\Microsoft\jdk-11.0.16.101-hotspot\bin\VCRUNTIME140.dll
0x00007ffe2d2a0000 - 0x00007ffe2d2b7000 	C:\Program Files\Microsoft\jdk-11.0.16.101-hotspot\bin\jli.dll
0x00007ffe3add0000 - 0x00007ffe3af7b000 	C:\WINDOWS\System32\USER32.dll
0x00007ffe394c0000 - 0x00007ffe394e6000 	C:\WINDOWS\System32\win32u.dll
0x00007ffe1ca00000 - 0x00007ffe1cc8e000 	C:\WINDOWS\WinSxS\amd64_microsoft.windows.common-controls_6595b64144ccf1df_6.0.22621.1635_none_270f70857386168e\COMCTL32.dll
0x00007ffe39980000 - 0x00007ffe399a9000 	C:\WINDOWS\System32\GDI32.dll
0x00007ffe3b270000 - 0x00007ffe3b317000 	C:\WINDOWS\System32\msvcrt.dll
0x00007ffe38e80000 - 0x00007ffe38f99000 	C:\WINDOWS\System32\gdi32full.dll
0x00007ffe38c40000 - 0x00007ffe38cda000 	C:\WINDOWS\System32\msvcp_win.dll
0x00007ffe3b4d0000 - 0x00007ffe3b501000 	C:\WINDOWS\System32\IMM32.DLL
0x00007ffdb9a80000 - 0x00007ffdb9b1b000 	C:\Program Files\Microsoft\jdk-11.0.16.101-hotspot\bin\msvcp140.dll
0x00007ffd9b000000 - 0x00007ffd9bb8a000 	C:\Program Files\Microsoft\jdk-11.0.16.101-hotspot\bin\server\jvm.dll
0x00007ffe3ad20000 - 0x00007ffe3adce000 	C:\WINDOWS\System32\ADVAPI32.dll
0x00007ffe3a750000 - 0x00007ffe3a7f4000 	C:\WINDOWS\System32\sechost.dll
0x00007ffe3a4a0000 - 0x00007ffe3a5b7000 	C:\WINDOWS\System32\RPCRT4.dll
0x00007ffe39970000 - 0x00007ffe39978000 	C:\WINDOWS\System32\PSAPI.DLL
0x00007ffe30ca0000 - 0x00007ffe30cd4000 	C:\WINDOWS\SYSTEM32\WINMM.dll
0x00007ffe31c50000 - 0x00007ffe31c5a000 	C:\WINDOWS\SYSTEM32\VERSION.dll
0x00007ffe2ffc0000 - 0x00007ffe2ffc9000 	C:\WINDOWS\SYSTEM32\WSOCK32.dll
0x00007ffe3a6d0000 - 0x00007ffe3a741000 	C:\WINDOWS\System32\WS2_32.dll
0x00007ffe37b20000 - 0x00007ffe37b38000 	C:\WINDOWS\SYSTEM32\kernel.appcore.dll
0x00007ffe2d130000 - 0x00007ffe2d140000 	C:\Program Files\Microsoft\jdk-11.0.16.101-hotspot\bin\verify.dll
0x00007ffe35ef0000 - 0x00007ffe3611e000 	C:\WINDOWS\SYSTEM32\DBGHELP.DLL
0x00007ffe3a800000 - 0x00007ffe3ab89000 	C:\WINDOWS\System32\combase.dll
0x00007ffe3b3f0000 - 0x00007ffe3b4c7000 	C:\WINDOWS\System32\OLEAUT32.dll
0x00007ffe2ff00000 - 0x00007ffe2ff32000 	C:\WINDOWS\SYSTEM32\dbgcore.DLL
0x00007ffe38e00000 - 0x00007ffe38e7b000 	C:\WINDOWS\System32\bcryptPrimitives.dll
0x00007ffe19450000 - 0x00007ffe19478000 	C:\Program Files\Microsoft\jdk-11.0.16.101-hotspot\bin\java.dll
0x00007ffe2d000000 - 0x00007ffe2d00a000 	C:\Program Files\Microsoft\jdk-11.0.16.101-hotspot\bin\jimage.dll
0x00007ffe15d90000 - 0x00007ffe15da8000 	C:\Program Files\Microsoft\jdk-11.0.16.101-hotspot\bin\zip.dll

dbghelp: loaded successfully - version: 4.0.5 - missing functions: none
symbol engine: initialized successfully - sym options: 0x614 - pdb path: .;C:\Program Files\Microsoft\jdk-11.0.16.101-hotspot\bin;C:\WINDOWS\SYSTEM32;C:\WINDOWS\WinSxS\amd64_microsoft.windows.common-controls_6595b64144ccf1df_6.0.22621.1635_none_270f70857386168e;C:\Program Files\Microsoft\jdk-11.0.16.101-hotspot\bin\server

VM Arguments:
jvm_args: -Dorg.gradle.appname=gradlew 
java_command: org.gradle.wrapper.GradleWrapperMain -q -Ptarget-platform=android-arm,android-arm64,android-x64 -Ptarget=lib\main.dart -Pbase-application-name=android.app.Application -Pdart-obfuscation=false -Ptrack-widget-creation=true -Ptree-shake-icons=true assembleRelease
java_class_path (initial): D:\Android\AndroidStudioProjects\Quadrant_Master\android\\gradle\wrapper\gradle-wrapper.jar
Launcher Type: SUN_STANDARD

[Global flags]
     intx CICompilerCount                          = 12                                        {product} {ergonomic}
     uint ConcGCThreads                            = 4                                         {product} {ergonomic}
     uint G1ConcRefinementThreads                  = 15                                        {product} {ergonomic}
   size_t G1HeapRegionSize                         = 1048576                                   {product} {ergonomic}
    uintx GCDrainStackTargetSize                   = 64                                        {product} {ergonomic}
   size_t InitialHeapSize                          = 264241152                                 {product} {ergonomic}
   size_t MarkStackSize                            = 4194304                                   {product} {ergonomic}
   size_t MaxHeapSize                              = 4213178368                                {product} {ergonomic}
   size_t MinHeapDeltaBytes                        = 1048576                                   {product} {ergonomic}
    uintx NonNMethodCodeHeapSize                   = 7594288                                {pd product} {ergonomic}
    uintx NonProfiledCodeHeapSize                  = 122031976                              {pd product} {ergonomic}
    uintx ProfiledCodeHeapSize                     = 122031976                              {pd product} {ergonomic}
    uintx ReservedCodeCacheSize                    = 251658240                              {pd product} {ergonomic}
     bool SegmentedCodeCache                       = true                                      {product} {ergonomic}
     bool UseCompressedClassPointers               = true                                 {lp64_product} {ergonomic}
     bool UseCompressedOops                        = true                                 {lp64_product} {ergonomic}
     bool UseG1GC                                  = true                                      {product} {ergonomic}
     bool UseLargePagesIndividualAllocation        = false                                  {pd product} {ergonomic}

Logging:
Log output configuration:
 #0: stdout all=warning uptime,level,tags
 #1: stderr all=off uptime,level,tags

Environment Variables:
JAVA_HOME=C:\Program Files\Microsoft\jdk-11.0.16.101-hotspot\
CLASSPATH=D:\Android\AndroidStudioProjects\Quadrant_Master\android\\gradle\wrapper\gradle-wrapper.jar
PATH=D:\Python\Python311\Scripts\;D:\Python\Python311\;C:\Program Files\Microsoft\jdk-11.0.16.101-hotspot\bin;D:\Android\Sdk\platform-tools;D:\MySQL\MySQL Server 8.0\bin;C:\Program Files\Microsoft\jdk-11.0.12.7-hotspot\bin;D:\apache-maven-bin\apache-maven\bin;D:\nodejs\node_modules\npm\node_modules;D:\VMware\VMware Workstation\bin\;C:\Program Files\Microsoft\jdk-11.0.16.101-hotspot\\bin;D:\Java\jdk-19\bin;C:\Program Files\Common Files\Oracle\Java\javapath;C:\Windows\system32;C:\Windows;C:\Windows\System32\Wbem;C:\Windows\System32\WindowsPowerShell\v1.0\;C:\Windows\System32\OpenSSH\;C:\Program Files (x86)\NVIDIA Corporation\PhysX\Common;C:\Program Files\dotnet\;C:\WINDOWS\system32;C:\WINDOWS;C:\WINDOWS\System32\Wbem;C:\WINDOWS\System32\WindowsPowerShell\v1.0\;C:\WINDOWS\System32\OpenSSH\;D:\nodejs\;D:\Android;D:\Dart\dart-sdk\bin;D:\Flutter\flutter\bin;D:\apache-maven-bin\apache-maven\bin;D:\Tencent\微信web开发者工具\dll;C:\Program Files\NVIDIA Corporation\NVIDIA NvDLISR;C:\Program Files (x86)\Incredibuild;D:\Rust\.cargo\bin;C:\Users\yss28\AppData\Local\Microsoft\WindowsApps;C:\Users\yss28\AppData\Roaming\npm;D:\JetBrains\IntelliJ IDEA Community Edition 2022.3\bin;;D:\JetBrains\IntelliJ IDEA 2022.3\bin;;D:\Rust\.rustup;D:\Rust\.cargo;D:\Microsoft VS Code\bin;D:\apache-maven-bin\apache-maven\bin;C:\Users\yss28\AppData\Local\GitHubDesktop\bin;D:\Flutter\flutter\bin\mingit\cmd
USERNAME=yss28
OS=Windows_NT
PROCESSOR_IDENTIFIER=Intel64 Family 6 Model 154 Stepping 3, GenuineIntel
TMP=C:\Users\yss28\AppData\Local\Temp
TEMP=C:\Users\yss28\AppData\Local\Temp



---------------  S Y S T E M  ---------------

OS: Windows 11 , 64 bit Build 22621 (10.0.22621.1778)
OS uptime: 0 days 4:28 hours
Hyper-V role detected

CPU:total 20 (initial active 20) (10 cores per cpu, 2 threads per core) family 6 model 154 stepping 3 microcode 0x429, cmov, cx8, fxsr, mmx, sse, sse2, sse3, ssse3, sse4.1, sse4.2, popcnt, avx, avx2, aes, clmul, erms, 3dnowpref, lzcnt, ht, tsc, tscinvbit, bmi1, bmi2, adx, sha, fma

Memory: 4k page, system-wide physical 16068M (1366M free)
TotalPageFile size 22486M (AvailPageFile size 38M)
current process WorkingSet (physical memory assigned to process): 11M, peak: 11M
current process commit charge ("private bytes"): 76M, peak: 328M

vm_info: OpenJDK 64-Bit Server VM (11.0.16.1+1-LTS) for windows-amd64 JRE (11.0.16.1+1-LTS), built on Aug 20 2022 20:09:04 by "" with MS VC++ 15.9 (VS2017)

END.
